Build started 11/25/2009 4:18:23 PM.
Project "C:\OIC\CSharp\Chap03\Seven\Cpp\Cpp.vcxproj" on node 1 (build target(s)).
_PrepareForBuild:
  Creating "Debug\Cpp.unsuccessfulbuild" because "AlwaysCreate" was specified.
ClCompile:
  C:\Program Files\Microsoft Visual Studio 10.0\VC\bin\CL.exe /c /nologo /W1 /WX- /Od /Oy- /D _VC80_UPGRADE=0x0710 /D _MBCS /Gm /EHsc /MTd /GS /fp:precise /Zc:wchar_t /Zc:forScope /Fo"Debug\\" /Fd"Debug\vc100.pdb" /Gd /TP /analyze- /errorReport:prompt seven.cpp
  seven.cpp
cl : Command line warning D9007: '/Gm' requires '/Zi or /ZI'; option ignored
ManifestResourceCompile:
  C:\Program Files\Microsoft SDKs\Windows\v7.0A\bin\rc.exe /nologo /fo"Debug\Cpp.exe.embed.manifest.res" Debug\Cpp_manifest.rc 
Link:
  C:\Program Files\Microsoft Visual Studio 10.0\VC\bin\link.exe /ERRORREPORT:PROMPT /OUT:"Debug\Cpp.exe" /INCREMENTAL /NOLOGO kernel32.lib user32.lib gdi32.lib winspool.lib comdlg32.lib advapi32.lib shell32.lib ole32.lib oleaut32.lib uuid.lib odbc32.lib odbccp32.lib /MANIFEST /ManifestFile:"Debug\Cpp.exe.intermediate.manifest" /MANIFESTUAC:"level='asInvoker' uiAccess='false'" /PDB:"Debug\Cpp.pdb" /SUBSYSTEM:CONSOLE /TLBID:1 /DYNAMICBASE:NO /IMPLIB:"Debug\Cpp.lib" /MACHINE:X86 Debug\seven.obj
  Debug\Cpp.exe.embed.manifest.res
Manifest:
  C:\Program Files\Microsoft SDKs\Windows\v7.0A\bin\mt.exe /nologo /verbose /out:"Debug\Cpp.exe.embed.manifest" /manifest Debug\Cpp.exe.intermediate.manifest
  C:\Program Files\Microsoft SDKs\Windows\v7.0A\bin\rc.exe /nologo /fo"Debug\Cpp.exe.embed.manifest.res" Debug\Cpp_manifest.rc 
LinkEmbedManifest:
  C:\Program Files\Microsoft Visual Studio 10.0\VC\bin\link.exe /ERRORREPORT:PROMPT /OUT:"Debug\Cpp.exe" /INCREMENTAL /NOLOGO kernel32.lib user32.lib gdi32.lib winspool.lib comdlg32.lib advapi32.lib shell32.lib ole32.lib oleaut32.lib uuid.lib odbc32.lib odbccp32.lib /MANIFEST /ManifestFile:"Debug\Cpp.exe.intermediate.manifest" /MANIFESTUAC:"level='asInvoker' uiAccess='false'" /PDB:"Debug\Cpp.pdb" /SUBSYSTEM:CONSOLE /TLBID:1 /DYNAMICBASE:NO /IMPLIB:"Debug\Cpp.lib" /MACHINE:X86 Debug\seven.obj
  Debug\Cpp.exe.embed.manifest.res
  Cpp.vcxproj -> C:\OIC\CSharp\Chap03\Seven\Cpp\Debug\Cpp.exe
_AfterBuild:
  Deleting file "Debug\Cpp.unsuccessfulbuild".
  Touching "Debug\Cpp.lastbuildstate".
Done Building Project "C:\OIC\CSharp\Chap03\Seven\Cpp\Cpp.vcxproj" (build target(s)).

Build succeeded.

Time Elapsed 00:00:03.93
